Using pre-set license
Built from '2020.3/staging' branch; Version is '2020.3.6f1 (338bb68529b2) revision 3378102'; Using compiler version '192528614'; Build Type 'Release'
OS: 'Windows 10 Pro; OS build 19042.1288; Version 2009; 64bit' Language: 'ko' Physical Memory: 16253 MB
BatchMode: 1, IsHumanControllingUs: 0, StartBugReporterOnCrash: 0, Is64bit: 1, IsPro: 0

 COMMAND LINE ARGUMENTS:
D:\unityhub\2020.3.6f1\Editor\Unity.exe
-adb2
-batchMode
-noUpm
-name
AssetImportWorker0
-projectPath
D:/Unity/Projects/Map character
-logFile
Logs/AssetImportWorker0.log
-srvPort
56002
Successfully changed project path to: D:/Unity/Projects/Map character
D:/Unity/Projects/Map character
Using Asset Import Pipeline V2.
Refreshing native plugins compatible for Editor in 77.93 ms, found 1 plugins.
Preloading 0 native plugins for Editor in 0.00 ms.
Initialize engine version: 2020.3.6f1 (338bb68529b2)
[Subsystems] Discovering subsystems at path D:/unityhub/2020.3.6f1/Editor/Data/Resources/UnitySubsystems
[Subsystems] Discovering subsystems at path D:/Unity/Projects/Map character/Assets
GfxDevice: creating device client; threaded=0
Direct3D:
    Version:  Direct3D 11.0 [level 11.1]
    Renderer: NVIDIA GeForce GTX 1650 Ti (ID=0x1f95)
    Vendor:   
    VRAM:     3962 MB
    Driver:   27.21.14.5749
Initialize mono
Mono path[0] = 'D:/unityhub/2020.3.6f1/Editor/Data/Managed'
Mono path[1] = 'D:/unityhub/2020.3.6f1/Editor/Data/MonoBleedingEdge/lib/mono/unityjit'
Mono config path = 'D:/unityhub/2020.3.6f1/Editor/Data/MonoBleedingEdge/etc'
Using monoOptions --debugger-agent=transport=dt_socket,embedding=1,server=y,suspend=n,address=127.0.0.1:56756
Begin MonoManager ReloadAssembly
Registering precompiled unity dll's ...
Register platform support module: D:/unityhub/2020.3.6f1/Editor/Data/PlaybackEngines/WindowsStandaloneSupport/UnityEditor.WindowsStandalone.Extensions.dll
Registered in 0.003099 seconds.
Native extension for WindowsStandalone target not found
Refreshing native plugins compatible for Editor in 79.27 ms, found 1 plugins.
Preloading 0 native plugins for Editor in 0.00 ms.
Mono: successfully reloaded assembly
- Completed reload, in  3.631 seconds
Platform modules already initialized, skipping
Registering precompiled user dll's ...
Registered in 0.002305 seconds.
Begin MonoManager ReloadAssembly
Native extension for WindowsStandalone target not found
Refreshing native plugins compatible for Editor in 77.95 ms, found 1 plugins.
Preloading 0 native plugins for Editor in 0.00 ms.
Mono: successfully reloaded assembly
- Completed reload, in  1.924 seconds
Platform modules already initialized, skipping
========================================================================
Worker process is ready to serve import requests
Launched and connected shader compiler UnityShaderCompiler.exe after 0.12 seconds
Refreshing native plugins compatible for Editor in 0.55 ms, found 1 plugins.
Preloading 0 native plugins for Editor in 0.00 ms.
Unloading 1815 Unused Serialized files (Serialized files now loaded: 0)
System memory in use before: 87.7 MB.
System memory in use after: 87.6 MB.

Unloading 24 unused Assets to reduce memory usage. Loaded Objects now: 2258.
Total: 4.021100 ms (FindLiveObjects: 0.343600 ms CreateObjectMapping: 0.130300 ms MarkObjects: 3.330900 ms  DeleteObjects: 0.214200 ms)

========================================================================
Received Import Request.
  path: Assets/1.Scripts/Mission4.cs
  artifactKey: Guid(d0e6fbdea5d4cbc4392ffd1b3713c0f2) Importer(815301076,1909f56bfc062723c751e8b465ee728b)
Start importing Assets/1.Scripts/Mission4.cs using Guid(d0e6fbdea5d4cbc4392ffd1b3713c0f2) Importer(815301076,1909f56bfc062723c751e8b465ee728b)  -> (artifact id: '907a051d2ad9526fcd550a6023080da3') in 0.107315 seconds
  Import took 0.113579 seconds .

========================================================================
Received Import Request.
  Time since last request: 102.843295 seconds.
  path: Assets/1.Scripts/Mission4.cs
  artifactKey: Guid(d0e6fbdea5d4cbc4392ffd1b3713c0f2) Importer(815301076,1909f56bfc062723c751e8b465ee728b)
Start importing Assets/1.Scripts/Mission4.cs using Guid(d0e6fbdea5d4cbc4392ffd1b3713c0f2) Importer(815301076,1909f56bfc062723c751e8b465ee728b)  -> (artifact id: '53abea04d1ba2ec19a40ca9da92c4a46') in 0.007692 seconds
  Import took 0.013468 seconds .

========================================================================
Received Prepare
Registering precompiled user dll's ...
Registered in 0.002341 seconds.
Begin MonoManager ReloadAssembly
Native extension for WindowsStandalone target not found
Refreshing native plugins compatible for Editor in 0.60 ms, found 1 plugins.
Preloading 0 native plugins for Editor in 0.00 ms.
Mono: successfully reloaded assembly
- Completed reload, in  1.708 seconds
Platform modules already initialized, skipping
Refreshing native plugins compatible for Editor in 0.58 ms, found 1 plugins.
Preloading 0 native plugins for Editor in 0.00 ms.
Unloading 1810 Unused Serialized files (Serialized files now loaded: 0)
System memory in use before: 87.6 MB.
System memory in use after: 87.6 MB.

Unloading 12 unused Assets to reduce memory usage. Loaded Objects now: 2262.
Total: 3.648300 ms (FindLiveObjects: 0.295000 ms CreateObjectMapping: 0.091600 ms MarkObjects: 3.078900 ms  DeleteObjects: 0.180500 ms)

========================================================================
Received Prepare
Registering precompiled user dll's ...
Registered in 0.001889 seconds.
Begin MonoManager ReloadAssembly
Native extension for WindowsStandalone target not found
Refreshing native plugins compatible for Editor in 0.59 ms, found 1 plugins.
Preloading 0 native plugins for Editor in 0.00 ms.
Mono: successfully reloaded assembly
- Completed reload, in  1.679 seconds
Platform modules already initialized, skipping
Refreshing native plugins compatible for Editor in 0.58 ms, found 1 plugins.
Preloading 0 native plugins for Editor in 0.00 ms.
Unloading 1810 Unused Serialized files (Serialized files now loaded: 0)
System memory in use before: 87.7 MB.
System memory in use after: 87.6 MB.

Unloading 12 unused Assets to reduce memory usage. Loaded Objects now: 2266.
Total: 3.517300 ms (FindLiveObjects: 0.314700 ms CreateObjectMapping: 0.101200 ms MarkObjects: 2.906600 ms  DeleteObjects: 0.192400 ms)

========================================================================
Received Import Request.
  Time since last request: 6337.054924 seconds.
  path: Assets/5. Mission/무기고 임무/Korea Map White.PNG
  artifactKey: Guid(78b2508773f2bef4f9e88e2cd11ddf56) Importer(815301076,1909f56bfc062723c751e8b465ee728b)
Start importing Assets/5. Mission/무기고 임무/Korea Map White.PNG using Guid(78b2508773f2bef4f9e88e2cd11ddf56) Importer(815301076,1909f56bfc062723c751e8b465ee728b)  -> (artifact id: '6e09f374645a5e7d7b3591b127783930') in 0.314647 seconds
  Import took 0.321123 seconds .

========================================================================
Received Import Request.
  Time since last request: 67.303102 seconds.
  path: Assets/5. Mission/무기고 임무/Korea Map White2.png
  artifactKey: Guid(80b10f095e4a53e40baad93032514853) Importer(815301076,1909f56bfc062723c751e8b465ee728b)
Start importing Assets/5. Mission/무기고 임무/Korea Map White2.png using Guid(80b10f095e4a53e40baad93032514853) Importer(815301076,1909f56bfc062723c751e8b465ee728b)  -> (artifact id: '7aa4f2b7d176c5a4c7ff182d65f9ff43') in 0.038835 seconds
  Import took 0.044660 seconds .

========================================================================
Received Import Request.
  Time since last request: 0.023295 seconds.
  path: Assets/5. Mission/무기고 임무/Korea Map White2.png
  artifactKey: Guid(80b10f095e4a53e40baad93032514853) Importer(815301076,1909f56bfc062723c751e8b465ee728b)
Start importing Assets/5. Mission/무기고 임무/Korea Map White2.png using Guid(80b10f095e4a53e40baad93032514853) Importer(815301076,1909f56bfc062723c751e8b465ee728b)  -> (artifact id: '7aa4f2b7d176c5a4c7ff182d65f9ff43') in 0.022241 seconds
  Import took 0.027895 seconds .

========================================================================
Received Import Request.
  Time since last request: 370.668350 seconds.
  path: Assets/5. Mission/무기고 임무/방향.png
  artifactKey: Guid(e8a01873becd37f4fbcc6dc9bdf069f3) Importer(815301076,1909f56bfc062723c751e8b465ee728b)
Start importing Assets/5. Mission/무기고 임무/방향.png using Guid(e8a01873becd37f4fbcc6dc9bdf069f3) Importer(815301076,1909f56bfc062723c751e8b465ee728b)  -> (artifact id: '720eecc1a4ca89de3fad3896c9a4877c') in 0.034518 seconds
  Import took 0.040367 seconds .

========================================================================
Received Import Request.
  Time since last request: 0.042638 seconds.
  path: Assets/5. Mission/무기고 임무/방향.png
  artifactKey: Guid(e8a01873becd37f4fbcc6dc9bdf069f3) Importer(815301076,1909f56bfc062723c751e8b465ee728b)
Start importing Assets/5. Mission/무기고 임무/방향.png using Guid(e8a01873becd37f4fbcc6dc9bdf069f3) Importer(815301076,1909f56bfc062723c751e8b465ee728b)  -> (artifact id: '720eecc1a4ca89de3fad3896c9a4877c') in 0.022438 seconds
  Import took 0.028028 seconds .

========================================================================
Received Import Request.
  Time since last request: 1562.873347 seconds.
  path: Assets/5. Mission/무기고 임무/pngwing.com (1).png
  artifactKey: Guid(8fcedc0129152b949b302fc97416c790) Importer(815301076,1909f56bfc062723c751e8b465ee728b)
Start importing Assets/5. Mission/무기고 임무/pngwing.com (1).png using Guid(8fcedc0129152b949b302fc97416c790) Importer(815301076,1909f56bfc062723c751e8b465ee728b)  -> (artifact id: 'c65c474e7280a3674b92f068cd50c8b5') in 0.061337 seconds
  Import took 0.067701 seconds .

========================================================================
Received Import Request.
  Time since last request: 0.020536 seconds.
  path: Assets/5. Mission/무기고 임무/pngwing.com (1).png
  artifactKey: Guid(8fcedc0129152b949b302fc97416c790) Importer(815301076,1909f56bfc062723c751e8b465ee728b)
Start importing Assets/5. Mission/무기고 임무/pngwing.com (1).png using Guid(8fcedc0129152b949b302fc97416c790) Importer(815301076,1909f56bfc062723c751e8b465ee728b)  -> (artifact id: 'c65c474e7280a3674b92f068cd50c8b5') in 0.040928 seconds
  Import took 0.047708 seconds .

========================================================================
Received Prepare
Registering precompiled user dll's ...
Registered in 0.067766 seconds.
Begin MonoManager ReloadAssembly
Native extension for WindowsStandalone target not found
Refreshing native plugins compatible for Editor in 0.59 ms, found 1 plugins.
Preloading 0 native plugins for Editor in 0.00 ms.
Mono: successfully reloaded assembly
- Completed reload, in  1.667 seconds
Platform modules already initialized, skipping
Refreshing native plugins compatible for Editor in 0.57 ms, found 1 plugins.
Preloading 0 native plugins for Editor in 0.00 ms.
Unloading 1810 Unused Serialized files (Serialized files now loaded: 0)
System memory in use before: 90.8 MB.
System memory in use after: 90.7 MB.

Unloading 12 unused Assets to reduce memory usage. Loaded Objects now: 2278.
Total: 4.145200 ms (FindLiveObjects: 0.705800 ms CreateObjectMapping: 0.174600 ms MarkObjects: 3.081700 ms  DeleteObjects: 0.181000 ms)

========================================================================
Received Prepare
Registering precompiled user dll's ...
Registered in 0.002142 seconds.
Begin MonoManager ReloadAssembly
Native extension for WindowsStandalone target not found
Refreshing native plugins compatible for Editor in 0.59 ms, found 1 plugins.
Preloading 0 native plugins for Editor in 0.00 ms.
Mono: successfully reloaded assembly
- Completed reload, in  1.681 seconds
Platform modules already initialized, skipping
Refreshing native plugins compatible for Editor in 0.58 ms, found 1 plugins.
Preloading 0 native plugins for Editor in 0.00 ms.
Unloading 1810 Unused Serialized files (Serialized files now loaded: 0)
System memory in use before: 90.8 MB.
System memory in use after: 90.8 MB.

Unloading 12 unused Assets to reduce memory usage. Loaded Objects now: 2282.
Total: 3.687300 ms (FindLiveObjects: 0.340600 ms CreateObjectMapping: 0.105600 ms MarkObjects: 3.044300 ms  DeleteObjects: 0.194400 ms)

========================================================================
Received Prepare
Registering precompiled user dll's ...
Registered in 0.001783 seconds.
Begin MonoManager ReloadAssembly
Native extension for WindowsStandalone target not found
Refreshing native plugins compatible for Editor in 0.59 ms, found 1 plugins.
Preloading 0 native plugins for Editor in 0.00 ms.
Mono: successfully reloaded assembly
- Completed reload, in  1.694 seconds
Platform modules already initialized, skipping
Refreshing native plugins compatible for Editor in 0.58 ms, found 1 plugins.
Preloading 0 native plugins for Editor in 0.00 ms.
Unloading 1810 Unused Serialized files (Serialized files now loaded: 0)
System memory in use before: 90.8 MB.
System memory in use after: 90.8 MB.

Unloading 12 unused Assets to reduce memory usage. Loaded Objects now: 2286.
Total: 4.000100 ms (FindLiveObjects: 0.319500 ms CreateObjectMapping: 0.130000 ms MarkObjects: 3.365700 ms  DeleteObjects: 0.182700 ms)

========================================================================
Received Prepare
Registering precompiled user dll's ...
Registered in 0.001772 seconds.
Begin MonoManager ReloadAssembly
Native extension for WindowsStandalone target not found
Refreshing native plugins compatible for Editor in 0.58 ms, found 1 plugins.
Preloading 0 native plugins for Editor in 0.00 ms.
Mono: successfully reloaded assembly
- Completed reload, in  1.676 seconds
Platform modules already initialized, skipping
Refreshing native plugins compatible for Editor in 0.58 ms, found 1 plugins.
Preloading 0 native plugins for Editor in 0.00 ms.
Unloading 1810 Unused Serialized files (Serialized files now loaded: 0)
System memory in use before: 90.8 MB.
System memory in use after: 90.8 MB.

Unloading 12 unused Assets to reduce memory usage. Loaded Objects now: 2290.
Total: 3.881500 ms (FindLiveObjects: 0.324000 ms CreateObjectMapping: 0.099200 ms MarkObjects: 3.269500 ms  DeleteObjects: 0.186400 ms)

========================================================================
Received Prepare
Registering precompiled user dll's ...
Registered in 0.001755 seconds.
Begin MonoManager ReloadAssembly
Native extension for WindowsStandalone target not found
Refreshing native plugins compatible for Editor in 0.62 ms, found 1 plugins.
Preloading 0 native plugins for Editor in 0.00 ms.
Mono: successfully reloaded assembly
- Completed reload, in  1.664 seconds
Platform modules already initialized, skipping
Refreshing native plugins compatible for Editor in 0.91 ms, found 1 plugins.
Preloading 0 native plugins for Editor in 0.00 ms.
Unloading 1810 Unused Serialized files (Serialized files now loaded: 0)
System memory in use before: 90.8 MB.
System memory in use after: 90.8 MB.

Unloading 12 unused Assets to reduce memory usage. Loaded Objects now: 2294.
Total: 3.724900 ms (FindLiveObjects: 0.358300 ms CreateObjectMapping: 0.125400 ms MarkObjects: 3.043400 ms  DeleteObjects: 0.195000 ms)

========================================================================
Received Prepare
Registering precompiled user dll's ...
Registered in 0.002492 seconds.
Begin MonoManager ReloadAssembly
Native extension for WindowsStandalone target not found
Refreshing native plugins compatible for Editor in 0.61 ms, found 1 plugins.
Preloading 0 native plugins for Editor in 0.00 ms.
Mono: successfully reloaded assembly
- Completed reload, in  1.673 seconds
Platform modules already initialized, skipping
Refreshing native plugins compatible for Editor in 0.62 ms, found 1 plugins.
Preloading 0 native plugins for Editor in 0.00 ms.
Unloading 1810 Unused Serialized files (Serialized files now loaded: 0)
System memory in use before: 90.8 MB.
System memory in use after: 90.8 MB.

Unloading 12 unused Assets to reduce memory usage. Loaded Objects now: 2298.
Total: 3.758100 ms (FindLiveObjects: 0.361900 ms CreateObjectMapping: 0.149300 ms MarkObjects: 3.052800 ms  DeleteObjects: 0.191900 ms)

========================================================================
Received Prepare
Registering precompiled user dll's ...
Registered in 0.002165 seconds.
Begin MonoManager ReloadAssembly
Native extension for WindowsStandalone target not found
Refreshing native plugins compatible for Editor in 0.62 ms, found 1 plugins.
Preloading 0 native plugins for Editor in 0.00 ms.
Mono: successfully reloaded assembly
- Completed reload, in  1.687 seconds
Platform modules already initialized, skipping
Refreshing native plugins compatible for Editor in 0.58 ms, found 1 plugins.
Preloading 0 native plugins for Editor in 0.00 ms.
Unloading 1810 Unused Serialized files (Serialized files now loaded: 0)
System memory in use before: 90.8 MB.
System memory in use after: 90.8 MB.

Unloading 12 unused Assets to reduce memory usage. Loaded Objects now: 2302.
Total: 3.852100 ms (FindLiveObjects: 0.355600 ms CreateObjectMapping: 0.134300 ms MarkObjects: 3.170200 ms  DeleteObjects: 0.189900 ms)

========================================================================
Received Prepare
Registering precompiled user dll's ...
Registered in 0.001853 seconds.
Begin MonoManager ReloadAssembly
Native extension for WindowsStandalone target not found
Refreshing native plugins compatible for Editor in 0.68 ms, found 1 plugins.
Preloading 0 native plugins for Editor in 0.00 ms.
Mono: successfully reloaded assembly
- Completed reload, in  1.665 seconds
Platform modules already initialized, skipping
Refreshing native plugins compatible for Editor in 0.60 ms, found 1 plugins.
Preloading 0 native plugins for Editor in 0.00 ms.
Unloading 1810 Unused Serialized files (Serialized files now loaded: 0)
System memory in use before: 90.8 MB.
System memory in use after: 90.8 MB.

Unloading 12 unused Assets to reduce memory usage. Loaded Objects now: 2306.
Total: 3.864100 ms (FindLiveObjects: 0.365400 ms CreateObjectMapping: 0.136100 ms MarkObjects: 3.161900 ms  DeleteObjects: 0.197500 ms)

========================================================================
Received Prepare
Registering precompiled user dll's ...
Registered in 0.002051 seconds.
Begin MonoManager ReloadAssembly
Native extension for WindowsStandalone target not found
Refreshing native plugins compatible for Editor in 0.60 ms, found 1 plugins.
Preloading 0 native plugins for Editor in 0.00 ms.
Mono: successfully reloaded assembly
- Completed reload, in  1.662 seconds
Platform modules already initialized, skipping
Refreshing native plugins compatible for Editor in 0.57 ms, found 1 plugins.
Preloading 0 native plugins for Editor in 0.00 ms.
Unloading 1810 Unused Serialized files (Serialized files now loaded: 0)
System memory in use before: 90.8 MB.
System memory in use after: 90.8 MB.

Unloading 12 unused Assets to reduce memory usage. Loaded Objects now: 2310.
Total: 4.318200 ms (FindLiveObjects: 0.422700 ms CreateObjectMapping: 0.136500 ms MarkObjects: 3.567200 ms  DeleteObjects: 0.189700 ms)

========================================================================
Received Prepare
Registering precompiled user dll's ...
Registered in 0.002113 seconds.
Begin MonoManager ReloadAssembly
Native extension for WindowsStandalone target not found
Refreshing native plugins compatible for Editor in 0.60 ms, found 1 plugins.
Preloading 0 native plugins for Editor in 0.00 ms.
Mono: successfully reloaded assembly
- Completed reload, in  1.690 seconds
Platform modules already initialized, skipping
Refreshing native plugins compatible for Editor in 0.57 ms, found 1 plugins.
Preloading 0 native plugins for Editor in 0.00 ms.
Unloading 1810 Unused Serialized files (Serialized files now loaded: 0)
System memory in use before: 90.9 MB.
System memory in use after: 90.8 MB.

Unloading 12 unused Assets to reduce memory usage. Loaded Objects now: 2314.
Total: 3.922500 ms (FindLiveObjects: 0.414600 ms CreateObjectMapping: 0.143600 ms MarkObjects: 3.169400 ms  DeleteObjects: 0.192900 ms)

========================================================================
Received Prepare
Registering precompiled user dll's ...
Registered in 0.001333 seconds.
Begin MonoManager ReloadAssembly
Native extension for WindowsStandalone target not found
Refreshing native plugins compatible for Editor in 0.34 ms, found 1 plugins.
Preloading 0 native plugins for Editor in 0.00 ms.
Mono: successfully reloaded assembly
- Completed reload, in  0.724 seconds
Platform modules already initialized, skipping
Refreshing native plugins compatible for Editor in 0.34 ms, found 1 plugins.
Preloading 0 native plugins for Editor in 0.00 ms.
Unloading 1810 Unused Serialized files (Serialized files now loaded: 0)
System memory in use before: 90.9 MB.
System memory in use after: 90.8 MB.

Unloading 12 unused Assets to reduce memory usage. Loaded Objects now: 2318.
Total: 2.484100 ms (FindLiveObjects: 0.328500 ms CreateObjectMapping: 0.079800 ms MarkObjects: 1.955300 ms  DeleteObjects: 0.118800 ms)

========================================================================
Received Prepare
Registering precompiled user dll's ...
Registered in 0.001874 seconds.
Begin MonoManager ReloadAssembly
Native extension for WindowsStandalone target not found
Refreshing native plugins compatible for Editor in 0.63 ms, found 1 plugins.
Preloading 0 native plugins for Editor in 0.00 ms.
Mono: successfully reloaded assembly
- Completed reload, in  1.687 seconds
Platform modules already initialized, skipping
Refreshing native plugins compatible for Editor in 0.58 ms, found 1 plugins.
Preloading 0 native plugins for Editor in 0.00 ms.
Unloading 1810 Unused Serialized files (Serialized files now loaded: 0)
System memory in use before: 90.9 MB.
System memory in use after: 90.8 MB.

Unloading 12 unused Assets to reduce memory usage. Loaded Objects now: 2322.
Total: 4.238900 ms (FindLiveObjects: 0.442500 ms CreateObjectMapping: 0.117600 ms MarkObjects: 3.481300 ms  DeleteObjects: 0.194600 ms)

========================================================================
Received Prepare
Registering precompiled user dll's ...
Registered in 0.002012 seconds.
Begin MonoManager ReloadAssembly
Native extension for WindowsStandalone target not found
Refreshing native plugins compatible for Editor in 0.59 ms, found 1 plugins.
Preloading 0 native plugins for Editor in 0.00 ms.
Mono: successfully reloaded assembly
- Completed reload, in  1.672 seconds
Platform modules already initialized, skipping
Refreshing native plugins compatible for Editor in 0.86 ms, found 1 plugins.
Preloading 0 native plugins for Editor in 0.00 ms.
Unloading 1810 Unused Serialized files (Serialized files now loaded: 0)
System memory in use before: 90.9 MB.
System memory in use after: 90.9 MB.

Unloading 12 unused Assets to reduce memory usage. Loaded Objects now: 2326.
Total: 4.134600 ms (FindLiveObjects: 0.591900 ms CreateObjectMapping: 0.197900 ms MarkObjects: 3.144900 ms  DeleteObjects: 0.197400 ms)

========================================================================
Received Prepare
Registering precompiled user dll's ...
Registered in 0.001763 seconds.
Begin MonoManager ReloadAssembly
Native extension for WindowsStandalone target not found
Refreshing native plugins compatible for Editor in 0.60 ms, found 1 plugins.
Preloading 0 native plugins for Editor in 0.00 ms.
Mono: successfully reloaded assembly
- Completed reload, in  1.694 seconds
Platform modules already initialized, skipping
Refreshing native plugins compatible for Editor in 0.58 ms, found 1 plugins.
Preloading 0 native plugins for Editor in 0.00 ms.
Unloading 1810 Unused Serialized files (Serialized files now loaded: 0)
System memory in use before: 90.9 MB.
System memory in use after: 90.9 MB.

Unloading 12 unused Assets to reduce memory usage. Loaded Objects now: 2330.
Total: 3.990600 ms (FindLiveObjects: 0.394800 ms CreateObjectMapping: 0.165600 ms MarkObjects: 3.242500 ms  DeleteObjects: 0.185100 ms)

========================================================================
Received Prepare
Registering precompiled user dll's ...
Registered in 0.001754 seconds.
Begin MonoManager ReloadAssembly
Native extension for WindowsStandalone target not found
Refreshing native plugins compatible for Editor in 0.60 ms, found 1 plugins.
Preloading 0 native plugins for Editor in 0.00 ms.
Mono: successfully reloaded assembly
- Completed reload, in  1.689 seconds
Platform modules already initialized, skipping
Refreshing native plugins compatible for Editor in 0.58 ms, found 1 plugins.
Preloading 0 native plugins for Editor in 0.00 ms.
Unloading 1810 Unused Serialized files (Serialized files now loaded: 0)
System memory in use before: 90.9 MB.
System memory in use after: 90.9 MB.

Unloading 12 unused Assets to reduce memory usage. Loaded Objects now: 2334.
Total: 3.981400 ms (FindLiveObjects: 0.351600 ms CreateObjectMapping: 0.117200 ms MarkObjects: 3.327300 ms  DeleteObjects: 0.182700 ms)

========================================================================
Received Prepare
Registering precompiled user dll's ...
Registered in 0.001826 seconds.
Begin MonoManager ReloadAssembly
Native extension for WindowsStandalone target not found
Refreshing native plugins compatible for Editor in 0.61 ms, found 1 plugins.
Preloading 0 native plugins for Editor in 0.00 ms.
Mono: successfully reloaded assembly
- Completed reload, in  1.667 seconds
Platform modules already initialized, skipping
Refreshing native plugins compatible for Editor in 0.57 ms, found 1 plugins.
Preloading 0 native plugins for Editor in 0.00 ms.
Unloading 1810 Unused Serialized files (Serialized files now loaded: 0)
System memory in use before: 90.9 MB.
System memory in use after: 90.9 MB.

Unloading 12 unused Assets to reduce memory usage. Loaded Objects now: 2338.
Total: 4.000200 ms (FindLiveObjects: 0.379600 ms CreateObjectMapping: 0.109400 ms MarkObjects: 3.322600 ms  DeleteObjects: 0.183600 ms)

========================================================================
Received Prepare
Registering precompiled user dll's ...
Registered in 0.001795 seconds.
Begin MonoManager ReloadAssembly
Native extension for WindowsStandalone target not found
Refreshing native plugins compatible for Editor in 0.59 ms, found 1 plugins.
Preloading 0 native plugins for Editor in 0.00 ms.
Mono: successfully reloaded assembly
- Completed reload, in  1.703 seconds
Platform modules already initialized, skipping
Refreshing native plugins compatible for Editor in 0.59 ms, found 1 plugins.
Preloading 0 native plugins for Editor in 0.00 ms.
Unloading 1810 Unused Serialized files (Serialized files now loaded: 0)
System memory in use before: 90.9 MB.
System memory in use after: 90.9 MB.

Unloading 12 unused Assets to reduce memory usage. Loaded Objects now: 2342.
Total: 4.057400 ms (FindLiveObjects: 0.577200 ms CreateObjectMapping: 0.222600 ms MarkObjects: 3.072000 ms  DeleteObjects: 0.183700 ms)

========================================================================
Received Prepare
Registering precompiled user dll's ...
Registered in 0.001735 seconds.
Begin MonoManager ReloadAssembly
Native extension for WindowsStandalone target not found
Refreshing native plugins compatible for Editor in 0.60 ms, found 1 plugins.
Preloading 0 native plugins for Editor in 0.00 ms.
Mono: successfully reloaded assembly
- Completed reload, in  1.687 seconds
Platform modules already initialized, skipping
Refreshing native plugins compatible for Editor in 0.58 ms, found 1 plugins.
Preloading 0 native plugins for Editor in 0.00 ms.
Unloading 1810 Unused Serialized files (Serialized files now loaded: 0)
System memory in use before: 90.9 MB.
System memory in use after: 90.9 MB.

Unloading 12 unused Assets to reduce memory usage. Loaded Objects now: 2346.
Total: 4.267500 ms (FindLiveObjects: 0.643700 ms CreateObjectMapping: 0.191100 ms MarkObjects: 3.243800 ms  DeleteObjects: 0.185900 ms)

========================================================================
Received Prepare
Registering precompiled user dll's ...
Registered in 0.001775 seconds.
Begin MonoManager ReloadAssembly
Native extension for WindowsStandalone target not found
Refreshing native plugins compatible for Editor in 0.74 ms, found 1 plugins.
Preloading 0 native plugins for Editor in 0.00 ms.
Mono: successfully reloaded assembly
- Completed reload, in  1.692 seconds
Platform modules already initialized, skipping
Refreshing native plugins compatible for Editor in 0.57 ms, found 1 plugins.
Preloading 0 native plugins for Editor in 0.00 ms.
Unloading 1810 Unused Serialized files (Serialized files now loaded: 0)
System memory in use before: 90.9 MB.
System memory in use after: 90.9 MB.

Unloading 12 unused Assets to reduce memory usage. Loaded Objects now: 2350.
Total: 3.753300 ms (FindLiveObjects: 0.353400 ms CreateObjectMapping: 0.119600 ms MarkObjects: 3.093700 ms  DeleteObjects: 0.184700 ms)

========================================================================
Received Prepare
Registering precompiled user dll's ...
Registered in 0.001779 seconds.
Begin MonoManager ReloadAssembly
Native extension for WindowsStandalone target not found
Refreshing native plugins compatible for Editor in 0.60 ms, found 1 plugins.
Preloading 0 native plugins for Editor in 0.00 ms.
Mono: successfully reloaded assembly
- Completed reload, in  1.680 seconds
Platform modules already initialized, skipping
Refreshing native plugins compatible for Editor in 0.58 ms, found 1 plugins.
Preloading 0 native plugins for Editor in 0.00 ms.
Unloading 1810 Unused Serialized files (Serialized files now loaded: 0)
System memory in use before: 90.9 MB.
System memory in use after: 90.9 MB.

Unloading 12 unused Assets to reduce memory usage. Loaded Objects now: 2354.
Total: 4.024700 ms (FindLiveObjects: 0.374800 ms CreateObjectMapping: 0.118800 ms MarkObjects: 3.345600 ms  DeleteObjects: 0.183300 ms)

========================================================================
Received Prepare
Registering precompiled user dll's ...
Registered in 0.002039 seconds.
Begin MonoManager ReloadAssembly
Native extension for WindowsStandalone target not found
Refreshing native plugins compatible for Editor in 0.60 ms, found 1 plugins.
Preloading 0 native plugins for Editor in 0.00 ms.
Mono: successfully reloaded assembly
- Completed reload, in  1.697 seconds
Platform modules already initialized, skipping
Refreshing native plugins compatible for Editor in 0.57 ms, found 1 plugins.
Preloading 0 native plugins for Editor in 0.00 ms.
Unloading 1810 Unused Serialized files (Serialized files now loaded: 0)
System memory in use before: 91.0 MB.
System memory in use after: 90.9 MB.

Unloading 12 unused Assets to reduce memory usage. Loaded Objects now: 2358.
Total: 3.819200 ms (FindLiveObjects: 0.366300 ms CreateObjectMapping: 0.118500 ms MarkObjects: 3.142900 ms  DeleteObjects: 0.189000 ms)

========================================================================
Received Prepare
Registering precompiled user dll's ...
Registered in 0.001782 seconds.
Begin MonoManager ReloadAssembly
Native extension for WindowsStandalone target not found
Refreshing native plugins compatible for Editor in 0.60 ms, found 1 plugins.
Preloading 0 native plugins for Editor in 0.00 ms.
Mono: successfully reloaded assembly
- Completed reload, in  1.676 seconds
Platform modules already initialized, skipping
Refreshing native plugins compatible for Editor in 0.58 ms, found 1 plugins.
Preloading 0 native plugins for Editor in 0.00 ms.
Unloading 1810 Unused Serialized files (Serialized files now loaded: 0)
System memory in use before: 91.0 MB.
System memory in use after: 90.9 MB.

Unloading 12 unused Assets to reduce memory usage. Loaded Objects now: 2362.
Total: 3.848400 ms (FindLiveObjects: 0.360500 ms CreateObjectMapping: 0.125200 ms MarkObjects: 3.161600 ms  DeleteObjects: 0.198500 ms)

========================================================================
Received Import Request.
  Time since last request: 10855.643739 seconds.
  path: Assets/5. Mission/Mission6/Mission6_Back.png
  artifactKey: Guid(e653d8fa7969e534aa51c0f169c527b7) Importer(815301076,1909f56bfc062723c751e8b465ee728b)
Start importing Assets/5. Mission/Mission6/Mission6_Back.png using Guid(e653d8fa7969e534aa51c0f169c527b7) Importer(815301076,1909f56bfc062723c751e8b465ee728b)  -> (artifact id: '977df354f7106f17a5a05f5d874c56c8') in 0.170441 seconds
  Import took 0.176806 seconds .

========================================================================
Received Import Request.
  Time since last request: 0.001981 seconds.
  path: Assets/5. Mission/Mission6/Mission6_Back.png
  artifactKey: Guid(e653d8fa7969e534aa51c0f169c527b7) Importer(815301076,1909f56bfc062723c751e8b465ee728b)
Start importing Assets/5. Mission/Mission6/Mission6_Back.png using Guid(e653d8fa7969e534aa51c0f169c527b7) Importer(815301076,1909f56bfc062723c751e8b465ee728b)  -> (artifact id: '977df354f7106f17a5a05f5d874c56c8') in 0.029771 seconds
  Import took 0.035612 seconds .

========================================================================
Received Import Request.
  Time since last request: 287.381424 seconds.
  path: Assets/5. Mission/무기고 임무/kisspng-sword-computer-icons-clip-art-sword-5acc401186ad85.0478442815233351855517.png
  artifactKey: Guid(beb0bfdc98e9cd040a0a7b99f38eb8b6) Importer(815301076,1909f56bfc062723c751e8b465ee728b)
Start importing Assets/5. Mission/무기고 임무/kisspng-sword-computer-icons-clip-art-sword-5acc401186ad85.0478442815233351855517.png using Guid(beb0bfdc98e9cd040a0a7b99f38eb8b6) Importer(815301076,1909f56bfc062723c751e8b465ee728b)  -> (artifact id: '5fa708cb567bd0692464949115446351') in 0.035058 seconds
  Import took 0.041609 seconds .

========================================================================
Received Import Request.
  Time since last request: 0.061384 seconds.
  path: Assets/5. Mission/무기고 임무/kisspng-sword-computer-icons-clip-art-sword-5acc401186ad85.0478442815233351855517.png
  artifactKey: Guid(beb0bfdc98e9cd040a0a7b99f38eb8b6) Importer(815301076,1909f56bfc062723c751e8b465ee728b)
Start importing Assets/5. Mission/무기고 임무/kisspng-sword-computer-icons-clip-art-sword-5acc401186ad85.0478442815233351855517.png using Guid(beb0bfdc98e9cd040a0a7b99f38eb8b6) Importer(815301076,1909f56bfc062723c751e8b465ee728b)  -> (artifact id: '5fa708cb567bd0692464949115446351') in 0.032899 seconds
  Import took 0.038519 seconds .

========================================================================
Received Prepare
Registering precompiled user dll's ...
Registered in 0.001779 seconds.
Begin MonoManager ReloadAssembly
Native extension for WindowsStandalone target not found
Refreshing native plugins compatible for Editor in 0.60 ms, found 1 plugins.
Preloading 0 native plugins for Editor in 0.00 ms.
Mono: successfully reloaded assembly
- Completed reload, in  1.676 seconds
Platform modules already initialized, skipping
Refreshing native plugins compatible for Editor in 0.57 ms, found 1 plugins.
Preloading 0 native plugins for Editor in 0.00 ms.
Unloading 1810 Unused Serialized files (Serialized files now loaded: 0)
System memory in use before: 91.0 MB.
System memory in use after: 91.0 MB.

Unloading 12 unused Assets to reduce memory usage. Loaded Objects now: 2371.
Total: 4.141400 ms (FindLiveObjects: 0.382200 ms CreateObjectMapping: 0.146100 ms MarkObjects: 3.427500 ms  DeleteObjects: 0.183400 ms)

========================================================================
Received Prepare
Registering precompiled user dll's ...
Registered in 0.001775 seconds.
Begin MonoManager ReloadAssembly
Native extension for WindowsStandalone target not found
Refreshing native plugins compatible for Editor in 0.70 ms, found 1 plugins.
Preloading 0 native plugins for Editor in 0.00 ms.
Mono: successfully reloaded assembly
- Completed reload, in  1.678 seconds
Platform modules already initialized, skipping
Refreshing native plugins compatible for Editor in 0.59 ms, found 1 plugins.
Preloading 0 native plugins for Editor in 0.00 ms.
Unloading 1810 Unused Serialized files (Serialized files now loaded: 0)
System memory in use before: 91.0 MB.
System memory in use after: 91.0 MB.

Unloading 12 unused Assets to reduce memory usage. Loaded Objects now: 2375.
Total: 4.046000 ms (FindLiveObjects: 0.383700 ms CreateObjectMapping: 0.144900 ms MarkObjects: 3.327300 ms  DeleteObjects: 0.188100 ms)

========================================================================
Received Prepare
Registering precompiled user dll's ...
Registered in 0.001807 seconds.
Begin MonoManager ReloadAssembly
Native extension for WindowsStandalone target not found
Refreshing native plugins compatible for Editor in 0.60 ms, found 1 plugins.
Preloading 0 native plugins for Editor in 0.00 ms.
Mono: successfully reloaded assembly
- Completed reload, in  1.671 seconds
Platform modules already initialized, skipping
Refreshing native plugins compatible for Editor in 0.59 ms, found 1 plugins.
Preloading 0 native plugins for Editor in 0.00 ms.
Unloading 1810 Unused Serialized files (Serialized files now loaded: 0)
System memory in use before: 91.0 MB.
System memory in use after: 91.0 MB.

Unloading 12 unused Assets to reduce memory usage. Loaded Objects now: 2379.
Total: 3.840700 ms (FindLiveObjects: 0.364200 ms CreateObjectMapping: 0.118300 ms MarkObjects: 3.171800 ms  DeleteObjects: 0.184300 ms)

========================================================================
Received Prepare
Registering precompiled user dll's ...
Registered in 0.001788 seconds.
Begin MonoManager ReloadAssembly
Native extension for WindowsStandalone target not found
Refreshing native plugins compatible for Editor in 0.58 ms, found 1 plugins.
Preloading 0 native plugins for Editor in 0.00 ms.
Mono: successfully reloaded assembly
- Completed reload, in  1.681 seconds
Platform modules already initialized, skipping
Refreshing native plugins compatible for Editor in 0.58 ms, found 1 plugins.
Preloading 0 native plugins for Editor in 0.00 ms.
Unloading 1810 Unused Serialized files (Serialized files now loaded: 0)
System memory in use before: 91.0 MB.
System memory in use after: 91.0 MB.

Unloading 12 unused Assets to reduce memory usage. Loaded Objects now: 2383.
Total: 3.807000 ms (FindLiveObjects: 0.448600 ms CreateObjectMapping: 0.113200 ms MarkObjects: 3.053600 ms  DeleteObjects: 0.189200 ms)

========================================================================
Received Prepare
Registering precompiled user dll's ...
Registered in 0.001825 seconds.
Begin MonoManager ReloadAssembly
Native extension for WindowsStandalone target not found
Refreshing native plugins compatible for Editor in 0.60 ms, found 1 plugins.
Preloading 0 native plugins for Editor in 0.00 ms.
Mono: successfully reloaded assembly
- Completed reload, in  1.695 seconds
Platform modules already initialized, skipping
Refreshing native plugins compatible for Editor in 0.57 ms, found 1 plugins.
Preloading 0 native plugins for Editor in 0.00 ms.
Unloading 1810 Unused Serialized files (Serialized files now loaded: 0)
System memory in use before: 91.0 MB.
System memory in use after: 91.0 MB.

Unloading 12 unused Assets to reduce memory usage. Loaded Objects now: 2387.
Total: 4.042700 ms (FindLiveObjects: 0.370300 ms CreateObjectMapping: 0.120900 ms MarkObjects: 3.364700 ms  DeleteObjects: 0.184700 ms)

========================================================================
Received Prepare
Registering precompiled user dll's ...
Registered in 0.001757 seconds.
Begin MonoManager ReloadAssembly
Native extension for WindowsStandalone target not found
Refreshing native plugins compatible for Editor in 0.58 ms, found 1 plugins.
Preloading 0 native plugins for Editor in 0.00 ms.
Mono: successfully reloaded assembly
- Completed reload, in  1.735 seconds
Platform modules already initialized, skipping
Refreshing native plugins compatible for Editor in 0.57 ms, found 1 plugins.
Preloading 0 native plugins for Editor in 0.00 ms.
Unloading 1810 Unused Serialized files (Serialized files now loaded: 0)
System memory in use before: 91.0 MB.
System memory in use after: 91.0 MB.

Unloading 12 unused Assets to reduce memory usage. Loaded Objects now: 2391.
Total: 3.990900 ms (FindLiveObjects: 0.477600 ms CreateObjectMapping: 0.120800 ms MarkObjects: 3.205100 ms  DeleteObjects: 0.185300 ms)

========================================================================
Received Prepare
Registering precompiled user dll's ...
Registered in 0.002030 seconds.
Begin MonoManager ReloadAssembly
Native extension for WindowsStandalone target not found
Refreshing native plugins compatible for Editor in 0.59 ms, found 1 plugins.
Preloading 0 native plugins for Editor in 0.00 ms.
Mono: successfully reloaded assembly
- Completed reload, in  1.673 seconds
Platform modules already initialized, skipping
Refreshing native plugins compatible for Editor in 0.59 ms, found 1 plugins.
Preloading 0 native plugins for Editor in 0.00 ms.
Unloading 1810 Unused Serialized files (Serialized files now loaded: 0)
System memory in use before: 91.0 MB.
System memory in use after: 91.0 MB.

Unloading 12 unused Assets to reduce memory usage. Loaded Objects now: 2395.
Total: 3.760800 ms (FindLiveObjects: 0.350000 ms CreateObjectMapping: 0.146200 ms MarkObjects: 3.074000 ms  DeleteObjects: 0.188100 ms)

========================================================================
Received Prepare
Registering precompiled user dll's ...
Registered in 0.002115 seconds.
Begin MonoManager ReloadAssembly
Native extension for WindowsStandalone target not found
Refreshing native plugins compatible for Editor in 0.60 ms, found 1 plugins.
Preloading 0 native plugins for Editor in 0.00 ms.
Mono: successfully reloaded assembly
- Completed reload, in  1.689 seconds
Platform modules already initialized, skipping
Refreshing native plugins compatible for Editor in 0.58 ms, found 1 plugins.
Preloading 0 native plugins for Editor in 0.00 ms.
Unloading 1810 Unused Serialized files (Serialized files now loaded: 0)
System memory in use before: 91.0 MB.
System memory in use after: 91.0 MB.

Unloading 12 unused Assets to reduce memory usage. Loaded Objects now: 2399.
Total: 3.848400 ms (FindLiveObjects: 0.332300 ms CreateObjectMapping: 0.104300 ms MarkObjects: 3.225200 ms  DeleteObjects: 0.184200 ms)

========================================================================
Received Prepare
Registering precompiled user dll's ...
Registered in 0.001807 seconds.
Begin MonoManager ReloadAssembly
Native extension for WindowsStandalone target not found
Refreshing native plugins compatible for Editor in 0.59 ms, found 1 plugins.
Preloading 0 native plugins for Editor in 0.00 ms.
Mono: successfully reloaded assembly
- Completed reload, in  1.663 seconds
Platform modules already initialized, skipping
Refreshing native plugins compatible for Editor in 0.59 ms, found 1 plugins.
Preloading 0 native plugins for Editor in 0.00 ms.
Unloading 1810 Unused Serialized files (Serialized files now loaded: 0)
System memory in use before: 91.1 MB.
System memory in use after: 91.0 MB.

Unloading 12 unused Assets to reduce memory usage. Loaded Objects now: 2403.
Total: 3.842000 ms (FindLiveObjects: 0.355500 ms CreateObjectMapping: 0.138900 ms MarkObjects: 3.148600 ms  DeleteObjects: 0.196900 ms)

========================================================================
Received Prepare
Registering precompiled user dll's ...
Registered in 0.002261 seconds.
Begin MonoManager ReloadAssembly
Native extension for WindowsStandalone target not found
Refreshing native plugins compatible for Editor in 0.60 ms, found 1 plugins.
Preloading 0 native plugins for Editor in 0.00 ms.
Mono: successfully reloaded assembly
- Completed reload, in  1.699 seconds
Platform modules already initialized, skipping
Refreshing native plugins compatible for Editor in 0.59 ms, found 1 plugins.
Preloading 0 native plugins for Editor in 0.00 ms.
Unloading 1810 Unused Serialized files (Serialized files now loaded: 0)
System memory in use before: 91.1 MB.
System memory in use after: 91.0 MB.

Unloading 12 unused Assets to reduce memory usage. Loaded Objects now: 2407.
Total: 4.108300 ms (FindLiveObjects: 0.590700 ms CreateObjectMapping: 0.176100 ms MarkObjects: 3.150700 ms  DeleteObjects: 0.186900 ms)

========================================================================
Received Prepare
Registering precompiled user dll's ...
Registered in 0.001785 seconds.
Begin MonoManager ReloadAssembly
Native extension for WindowsStandalone target not found
Refreshing native plugins compatible for Editor in 0.71 ms, found 1 plugins.
Preloading 0 native plugins for Editor in 0.00 ms.
Mono: successfully reloaded assembly
- Completed reload, in  1.717 seconds
Platform modules already initialized, skipping
Refreshing native plugins compatible for Editor in 0.58 ms, found 1 plugins.
Preloading 0 native plugins for Editor in 0.00 ms.
Unloading 1810 Unused Serialized files (Serialized files now loaded: 0)
System memory in use before: 91.1 MB.
System memory in use after: 91.0 MB.

Unloading 12 unused Assets to reduce memory usage. Loaded Objects now: 2411.
Total: 3.862500 ms (FindLiveObjects: 0.385600 ms CreateObjectMapping: 0.134900 ms MarkObjects: 3.147300 ms  DeleteObjects: 0.192400 ms)

========================================================================
Received Prepare
Registering precompiled user dll's ...
Registered in 0.001739 seconds.
Begin MonoManager ReloadAssembly
Native extension for WindowsStandalone target not found
Refreshing native plugins compatible for Editor in 0.60 ms, found 1 plugins.
Preloading 0 native plugins for Editor in 0.00 ms.
Mono: successfully reloaded assembly
- Completed reload, in  1.676 seconds
Platform modules already initialized, skipping
Refreshing native plugins compatible for Editor in 0.59 ms, found 1 plugins.
Preloading 0 native plugins for Editor in 0.00 ms.
Unloading 1810 Unused Serialized files (Serialized files now loaded: 0)
System memory in use before: 91.1 MB.
System memory in use after: 91.1 MB.

Unloading 12 unused Assets to reduce memory usage. Loaded Objects now: 2415.
Total: 3.732500 ms (FindLiveObjects: 0.348000 ms CreateObjectMapping: 0.101500 ms MarkObjects: 3.084500 ms  DeleteObjects: 0.195900 ms)

========================================================================
Received Prepare
Registering precompiled user dll's ...
Registered in 0.001756 seconds.
Begin MonoManager ReloadAssembly
Native extension for WindowsStandalone target not found
Refreshing native plugins compatible for Editor in 0.60 ms, found 1 plugins.
Preloading 0 native plugins for Editor in 0.00 ms.
Mono: successfully reloaded assembly
- Completed reload, in  1.664 seconds
Platform modules already initialized, skipping
Refreshing native plugins compatible for Editor in 0.58 ms, found 1 plugins.
Preloading 0 native plugins for Editor in 0.00 ms.
Unloading 1810 Unused Serialized files (Serialized files now loaded: 0)
System memory in use before: 91.1 MB.
System memory in use after: 91.1 MB.

Unloading 12 unused Assets to reduce memory usage. Loaded Objects now: 2419.
Total: 4.063900 ms (FindLiveObjects: 0.513700 ms CreateObjectMapping: 0.144200 ms MarkObjects: 3.216100 ms  DeleteObjects: 0.187600 ms)

========================================================================
Received Prepare
Registering precompiled user dll's ...
Registered in 0.002651 seconds.
Begin MonoManager ReloadAssembly
Native extension for WindowsStandalone target not found
Refreshing native plugins compatible for Editor in 0.60 ms, found 1 plugins.
Preloading 0 native plugins for Editor in 0.00 ms.
Mono: successfully reloaded assembly
- Completed reload, in  1.679 seconds
Platform modules already initialized, skipping
Refreshing native plugins compatible for Editor in 0.59 ms, found 1 plugins.
Preloading 0 native plugins for Editor in 0.00 ms.
Unloading 1810 Unused Serialized files (Serialized files now loaded: 0)
System memory in use before: 91.1 MB.
System memory in use after: 91.1 MB.

Unloading 12 unused Assets to reduce memory usage. Loaded Objects now: 2423.
Total: 3.867500 ms (FindLiveObjects: 0.374700 ms CreateObjectMapping: 0.130000 ms MarkObjects: 3.177000 ms  DeleteObjects: 0.182700 ms)

========================================================================
Received Prepare
Registering precompiled user dll's ...
Registered in 0.001858 seconds.
Begin MonoManager ReloadAssembly
Native extension for WindowsStandalone target not found
Refreshing native plugins compatible for Editor in 0.60 ms, found 1 plugins.
Preloading 0 native plugins for Editor in 0.00 ms.
Mono: successfully reloaded assembly
- Completed reload, in  1.684 seconds
Platform modules already initialized, skipping
Refreshing native plugins compatible for Editor in 0.58 ms, found 1 plugins.
Preloading 0 native plugins for Editor in 0.00 ms.
Unloading 1810 Unused Serialized files (Serialized files now loaded: 0)
System memory in use before: 91.1 MB.
System memory in use after: 91.1 MB.

Unloading 12 unused Assets to reduce memory usage. Loaded Objects now: 2427.
Total: 3.978300 ms (FindLiveObjects: 0.356600 ms CreateObjectMapping: 0.122000 ms MarkObjects: 3.318000 ms  DeleteObjects: 0.179600 ms)

========================================================================
Received Prepare
Registering precompiled user dll's ...
Registered in 0.002461 seconds.
Begin MonoManager ReloadAssembly
Native extension for WindowsStandalone target not found
Refreshing native plugins compatible for Editor in 0.64 ms, found 1 plugins.
Preloading 0 native plugins for Editor in 0.00 ms.
Mono: successfully reloaded assembly
- Completed reload, in  1.931 seconds
Platform modules already initialized, skipping
Refreshing native plugins compatible for Editor in 0.57 ms, found 1 plugins.
Preloading 0 native plugins for Editor in 0.00 ms.
Unloading 1810 Unused Serialized files (Serialized files now loaded: 0)
System memory in use before: 91.1 MB.
System memory in use after: 91.1 MB.

Unloading 12 unused Assets to reduce memory usage. Loaded Objects now: 2431.
Total: 4.145900 ms (FindLiveObjects: 0.355500 ms CreateObjectMapping: 0.121200 ms MarkObjects: 3.254000 ms  DeleteObjects: 0.412500 ms)

========================================================================
Received Prepare
Registering precompiled user dll's ...
Registered in 0.001716 seconds.
Begin MonoManager ReloadAssembly
Native extension for WindowsStandalone target not found
Refreshing native plugins compatible for Editor in 0.62 ms, found 1 plugins.
Preloading 0 native plugins for Editor in 0.00 ms.
Mono: successfully reloaded assembly
- Completed reload, in  1.766 seconds
Platform modules already initialized, skipping
Refreshing native plugins compatible for Editor in 0.61 ms, found 1 plugins.
Preloading 0 native plugins for Editor in 0.00 ms.
Unloading 1810 Unused Serialized files (Serialized files now loaded: 0)
System memory in use before: 91.1 MB.
System memory in use after: 91.1 MB.

Unloading 12 unused Assets to reduce memory usage. Loaded Objects now: 2435.
Total: 3.918300 ms (FindLiveObjects: 0.410700 ms CreateObjectMapping: 0.130100 ms MarkObjects: 3.172900 ms  DeleteObjects: 0.201800 ms)

========================================================================
Received Prepare
Registering precompiled user dll's ...
Registered in 0.001814 seconds.
Begin MonoManager ReloadAssembly
Native extension for WindowsStandalone target not found
Refreshing native plugins compatible for Editor in 0.62 ms, found 1 plugins.
Preloading 0 native plugins for Editor in 0.00 ms.
Mono: successfully reloaded assembly
- Completed reload, in  1.707 seconds
Platform modules already initialized, skipping
Refreshing native plugins compatible for Editor in 0.58 ms, found 1 plugins.
Preloading 0 native plugins for Editor in 0.00 ms.
Unloading 1810 Unused Serialized files (Serialized files now loaded: 0)
System memory in use before: 91.1 MB.
System memory in use after: 91.1 MB.

Unloading 12 unused Assets to reduce memory usage. Loaded Objects now: 2439.
Total: 3.865700 ms (FindLiveObjects: 0.344000 ms CreateObjectMapping: 0.098700 ms MarkObjects: 3.234700 ms  DeleteObjects: 0.185700 ms)

========================================================================
Received Prepare
Registering precompiled user dll's ...
Registered in 0.001265 seconds.
Begin MonoManager ReloadAssembly
Native extension for WindowsStandalone target not found
Refreshing native plugins compatible for Editor in 0.38 ms, found 1 plugins.
Preloading 0 native plugins for Editor in 0.00 ms.
Mono: successfully reloaded assembly
- Completed reload, in  0.769 seconds
Platform modules already initialized, skipping
Refreshing native plugins compatible for Editor in 0.34 ms, found 1 plugins.
Preloading 0 native plugins for Editor in 0.00 ms.
Unloading 1810 Unused Serialized files (Serialized files now loaded: 0)
System memory in use before: 91.1 MB.
System memory in use after: 91.1 MB.

Unloading 12 unused Assets to reduce memory usage. Loaded Objects now: 2443.
Total: 2.897800 ms (FindLiveObjects: 0.391600 ms CreateObjectMapping: 0.098500 ms MarkObjects: 2.287000 ms  DeleteObjects: 0.118900 ms)

========================================================================
Received Prepare
Registering precompiled user dll's ...
Registered in 0.002641 seconds.
Begin MonoManager ReloadAssembly
Native extension for WindowsStandalone target not found
Refreshing native plugins compatible for Editor in 0.63 ms, found 1 plugins.
Preloading 0 native plugins for Editor in 0.00 ms.
Mono: successfully reloaded assembly
- Completed reload, in  1.701 seconds
Platform modules already initialized, skipping
Refreshing native plugins compatible for Editor in 0.58 ms, found 1 plugins.
Preloading 0 native plugins for Editor in 0.00 ms.
Unloading 1810 Unused Serialized files (Serialized files now loaded: 0)
System memory in use before: 91.1 MB.
System memory in use after: 91.1 MB.

Unloading 12 unused Assets to reduce memory usage. Loaded Objects now: 2447.
Total: 3.983400 ms (FindLiveObjects: 0.356200 ms CreateObjectMapping: 0.101000 ms MarkObjects: 3.330300 ms  DeleteObjects: 0.193800 ms)

========================================================================
Received Prepare
Registering precompiled user dll's ...
Registered in 0.001716 seconds.
Begin MonoManager ReloadAssembly
Native extension for WindowsStandalone target not found
Refreshing native plugins compatible for Editor in 0.59 ms, found 1 plugins.
Preloading 0 native plugins for Editor in 0.00 ms.
Mono: successfully reloaded assembly
- Completed reload, in  1.744 seconds
Platform modules already initialized, skipping
Refreshing native plugins compatible for Editor in 0.59 ms, found 1 plugins.
Preloading 0 native plugins for Editor in 0.00 ms.
Unloading 1810 Unused Serialized files (Serialized files now loaded: 0)
System memory in use before: 91.2 MB.
System memory in use after: 91.1 MB.

Unloading 12 unused Assets to reduce memory usage. Loaded Objects now: 2451.
Total: 3.937900 ms (FindLiveObjects: 0.371000 ms CreateObjectMapping: 0.129800 ms MarkObjects: 3.242000 ms  DeleteObjects: 0.192700 ms)

========================================================================
Received Prepare
Registering precompiled user dll's ...
Registered in 0.001888 seconds.
Begin MonoManager ReloadAssembly
Native extension for WindowsStandalone target not found
Refreshing native plugins compatible for Editor in 0.59 ms, found 1 plugins.
Preloading 0 native plugins for Editor in 0.00 ms.
Mono: successfully reloaded assembly
- Completed reload, in  1.695 seconds
Platform modules already initialized, skipping
Refreshing native plugins compatible for Editor in 0.60 ms, found 1 plugins.
Preloading 0 native plugins for Editor in 0.00 ms.
Unloading 1810 Unused Serialized files (Serialized files now loaded: 0)
System memory in use before: 91.2 MB.
System memory in use after: 91.1 MB.

Unloading 12 unused Assets to reduce memory usage. Loaded Objects now: 2455.
Total: 3.958800 ms (FindLiveObjects: 0.418600 ms CreateObjectMapping: 0.159400 ms MarkObjects: 3.184600 ms  DeleteObjects: 0.193700 ms)

========================================================================
Received Prepare
Registering precompiled user dll's ...
Registered in 0.001786 seconds.
Begin MonoManager ReloadAssembly
Native extension for WindowsStandalone target not found
Refreshing native plugins compatible for Editor in 0.65 ms, found 1 plugins.
Preloading 0 native plugins for Editor in 0.00 ms.
Mono: successfully reloaded assembly
- Completed reload, in  1.708 seconds
Platform modules already initialized, skipping
Refreshing native plugins compatible for Editor in 0.58 ms, found 1 plugins.
Preloading 0 native plugins for Editor in 0.00 ms.
Unloading 1810 Unused Serialized files (Serialized files now loaded: 0)
System memory in use before: 91.2 MB.
System memory in use after: 91.2 MB.

Unloading 12 unused Assets to reduce memory usage. Loaded Objects now: 2459.
Total: 3.971600 ms (FindLiveObjects: 0.339400 ms CreateObjectMapping: 0.096700 ms MarkObjects: 3.341800 ms  DeleteObjects: 0.190400 ms)

========================================================================
Received Prepare
Registering precompiled user dll's ...
Registered in 0.001728 seconds.
Begin MonoManager ReloadAssembly
Native extension for WindowsStandalone target not found
Refreshing native plugins compatible for Editor in 0.61 ms, found 1 plugins.
Preloading 0 native plugins for Editor in 0.00 ms.
Mono: successfully reloaded assembly
- Completed reload, in  1.694 seconds
Platform modules already initialized, skipping
Refreshing native plugins compatible for Editor in 0.56 ms, found 1 plugins.
Preloading 0 native plugins for Editor in 0.00 ms.
Unloading 1810 Unused Serialized files (Serialized files now loaded: 0)
System memory in use before: 91.2 MB.
System memory in use after: 91.2 MB.

Unloading 12 unused Assets to reduce memory usage. Loaded Objects now: 2463.
Total: 3.716100 ms (FindLiveObjects: 0.320500 ms CreateObjectMapping: 0.099500 ms MarkObjects: 3.111700 ms  DeleteObjects: 0.182200 ms)

========================================================================
Received Prepare
Registering precompiled user dll's ...
Registered in 0.002032 seconds.
Begin MonoManager ReloadAssembly
Native extension for WindowsStandalone target not found
Refreshing native plugins compatible for Editor in 0.60 ms, found 1 plugins.
Preloading 0 native plugins for Editor in 0.00 ms.
Mono: successfully reloaded assembly
- Completed reload, in  1.668 seconds
Platform modules already initialized, skipping
Refreshing native plugins compatible for Editor in 0.59 ms, found 1 plugins.
Preloading 0 native plugins for Editor in 0.00 ms.
Unloading 1810 Unused Serialized files (Serialized files now loaded: 0)
System memory in use before: 91.2 MB.
System memory in use after: 91.2 MB.

Unloading 12 unused Assets to reduce memory usage. Loaded Objects now: 2467.
Total: 4.137600 ms (FindLiveObjects: 0.372200 ms CreateObjectMapping: 0.140600 ms MarkObjects: 3.431900 ms  DeleteObjects: 0.190800 ms)

========================================================================
Received Prepare
Registering precompiled user dll's ...
Registered in 0.001709 seconds.
Begin MonoManager ReloadAssembly
Native extension for WindowsStandalone target not found
Refreshing native plugins compatible for Editor in 0.59 ms, found 1 plugins.
Preloading 0 native plugins for Editor in 0.00 ms.
Mono: successfully reloaded assembly
- Completed reload, in  1.678 seconds
Platform modules already initialized, skipping
Refreshing native plugins compatible for Editor in 0.57 ms, found 1 plugins.
Preloading 0 native plugins for Editor in 0.00 ms.
Unloading 1810 Unused Serialized files (Serialized files now loaded: 0)
System memory in use before: 91.2 MB.
System memory in use after: 91.2 MB.

Unloading 12 unused Assets to reduce memory usage. Loaded Objects now: 2471.
Total: 3.911900 ms (FindLiveObjects: 0.331300 ms CreateObjectMapping: 0.114900 ms MarkObjects: 3.270000 ms  DeleteObjects: 0.193500 ms)

========================================================================
Received Prepare
Registering precompiled user dll's ...
Registered in 0.001760 seconds.
Begin MonoManager ReloadAssembly
Native extension for WindowsStandalone target not found
Refreshing native plugins compatible for Editor in 0.59 ms, found 1 plugins.
Preloading 0 native plugins for Editor in 0.00 ms.
Mono: successfully reloaded assembly
- Completed reload, in  1.687 seconds
Platform modules already initialized, skipping
Refreshing native plugins compatible for Editor in 0.58 ms, found 1 plugins.
Preloading 0 native plugins for Editor in 0.00 ms.
Unloading 1810 Unused Serialized files (Serialized files now loaded: 0)
System memory in use before: 91.2 MB.
System memory in use after: 91.2 MB.

Unloading 12 unused Assets to reduce memory usage. Loaded Objects now: 2475.
Total: 3.879300 ms (FindLiveObjects: 0.380900 ms CreateObjectMapping: 0.131900 ms MarkObjects: 3.170600 ms  DeleteObjects: 0.193600 ms)

========================================================================
Received Import Request.
  Time since last request: 77983.793841 seconds.
  path: Assets/5. Mission/과학관 임무/측우기 배경.png
  artifactKey: Guid(c8b83e56708231a4cb358d632e0dcade) Importer(815301076,1909f56bfc062723c751e8b465ee728b)
Start importing Assets/5. Mission/과학관 임무/측우기 배경.png using Guid(c8b83e56708231a4cb358d632e0dcade) Importer(815301076,1909f56bfc062723c751e8b465ee728b)  -> (artifact id: '9a5f5545e1e0d7c6e4b1db1af9c087ac') in 0.189432 seconds
  Import took 0.196558 seconds .

========================================================================
Received Import Request.
  Time since last request: 1238.299951 seconds.
  path: Assets/5. Mission/과학관 임무/측우기 배경.png
  artifactKey: Guid(c8b83e56708231a4cb358d632e0dcade) Importer(815301076,1909f56bfc062723c751e8b465ee728b)
Start importing Assets/5. Mission/과학관 임무/측우기 배경.png using Guid(c8b83e56708231a4cb358d632e0dcade) Importer(815301076,1909f56bfc062723c751e8b465ee728b)  -> (artifact id: '1f9b8b117f7ed089eb39a0da8f128e49') in 0.047186 seconds
  Import took 0.054278 seconds .

========================================================================
Received Import Request.
  Time since last request: 167.953585 seconds.
  path: Assets/5. Mission/과학관 임무/측우기 배경.png
  artifactKey: Guid(c8b83e56708231a4cb358d632e0dcade) Importer(815301076,1909f56bfc062723c751e8b465ee728b)
Start importing Assets/5. Mission/과학관 임무/측우기 배경.png using Guid(c8b83e56708231a4cb358d632e0dcade) Importer(815301076,1909f56bfc062723c751e8b465ee728b)  -> (artifact id: '784610be00721826560d66e6aa6c23b8') in 0.045244 seconds
  Import took 0.052173 seconds .

========================================================================
Received Prepare
Registering precompiled user dll's ...
Registered in 0.002417 seconds.
Begin MonoManager ReloadAssembly
Native extension for WindowsStandalone target not found
Refreshing native plugins compatible for Editor in 0.76 ms, found 1 plugins.
Preloading 0 native plugins for Editor in 0.00 ms.
Mono: successfully reloaded assembly
- Completed reload, in  1.682 seconds
Platform modules already initialized, skipping
Refreshing native plugins compatible for Editor in 0.58 ms, found 1 plugins.
Preloading 0 native plugins for Editor in 0.00 ms.
Unloading 1810 Unused Serialized files (Serialized files now loaded: 0)
System memory in use before: 91.2 MB.
System memory in use after: 91.2 MB.

Unloading 12 unused Assets to reduce memory usage. Loaded Objects now: 2480.
Total: 3.786600 ms (FindLiveObjects: 0.324700 ms CreateObjectMapping: 0.096200 ms MarkObjects: 3.175200 ms  DeleteObjects: 0.188600 ms)

========================================================================
Received Prepare
Registering precompiled user dll's ...
Registered in 0.001740 seconds.
Begin MonoManager ReloadAssembly
Native extension for WindowsStandalone target not found
Refreshing native plugins compatible for Editor in 0.59 ms, found 1 plugins.
Preloading 0 native plugins for Editor in 0.00 ms.
Mono: successfully reloaded assembly
- Completed reload, in  1.692 seconds
Platform modules already initialized, skipping
Refreshing native plugins compatible for Editor in 0.59 ms, found 1 plugins.
Preloading 0 native plugins for Editor in 0.00 ms.
Unloading 1810 Unused Serialized files (Serialized files now loaded: 0)
System memory in use before: 91.2 MB.
System memory in use after: 91.2 MB.

Unloading 12 unused Assets to reduce memory usage. Loaded Objects now: 2484.
Total: 4.068100 ms (FindLiveObjects: 0.507700 ms CreateObjectMapping: 0.204400 ms MarkObjects: 3.168800 ms  DeleteObjects: 0.185000 ms)

========================================================================
Received Import Request.
  Time since last request: 513.480446 seconds.
  path: Assets/5. Mission/과학관 임무/측우기 배경.png
  artifactKey: Guid(c8b83e56708231a4cb358d632e0dcade) Importer(815301076,1909f56bfc062723c751e8b465ee728b)
Start importing Assets/5. Mission/과학관 임무/측우기 배경.png using Guid(c8b83e56708231a4cb358d632e0dcade) Importer(815301076,1909f56bfc062723c751e8b465ee728b)  -> (artifact id: 'dc681e75a124502c2ea345989e5fe9a1') in 0.104421 seconds
  Import took 0.111254 seconds .

========================================================================
Received Import Request.
  Time since last request: 49.818747 seconds.
  path: Assets/5. Mission/과학관 임무/Mission2_BackGround.png
  artifactKey: Guid(c8b83e56708231a4cb358d632e0dcade) Importer(815301076,1909f56bfc062723c751e8b465ee728b)
Start importing Assets/5. Mission/과학관 임무/Mission2_BackGround.png using Guid(c8b83e56708231a4cb358d632e0dcade) Importer(815301076,1909f56bfc062723c751e8b465ee728b)  -> (artifact id: 'b0719c1a3af28bf89bbe82fe593d3e98') in 0.038821 seconds
  Import took 0.045271 seconds .

========================================================================
Received Prepare
Registering precompiled user dll's ...
Registered in 0.001710 seconds.
Begin MonoManager ReloadAssembly
Native extension for WindowsStandalone target not found
Refreshing native plugins compatible for Editor in 0.58 ms, found 1 plugins.
Preloading 0 native plugins for Editor in 0.00 ms.
Mono: successfully reloaded assembly
- Completed reload, in  1.700 seconds
Platform modules already initialized, skipping
Refreshing native plugins compatible for Editor in 0.58 ms, found 1 plugins.
Preloading 0 native plugins for Editor in 0.00 ms.
Unloading 1810 Unused Serialized files (Serialized files now loaded: 0)
System memory in use before: 91.2 MB.
System memory in use after: 91.2 MB.

Unloading 12 unused Assets to reduce memory usage. Loaded Objects now: 2489.
Total: 3.896100 ms (FindLiveObjects: 0.355800 ms CreateObjectMapping: 0.103800 ms MarkObjects: 3.246400 ms  DeleteObjects: 0.188100 ms)

========================================================================
Received Prepare
Registering precompiled user dll's ...
Registered in 0.001705 seconds.
Begin MonoManager ReloadAssembly
Native extension for WindowsStandalone target not found
Refreshing native plugins compatible for Editor in 0.59 ms, found 1 plugins.
Preloading 0 native plugins for Editor in 0.00 ms.
Mono: successfully reloaded assembly
- Completed reload, in  1.715 seconds
Platform modules already initialized, skipping
Refreshing native plugins compatible for Editor in 0.71 ms, found 1 plugins.
Preloading 0 native plugins for Editor in 0.00 ms.
Unloading 1810 Unused Serialized files (Serialized files now loaded: 0)
System memory in use before: 91.2 MB.
System memory in use after: 91.2 MB.

Unloading 12 unused Assets to reduce memory usage. Loaded Objects now: 2493.
Total: 4.072500 ms (FindLiveObjects: 0.365400 ms CreateObjectMapping: 0.113100 ms MarkObjects: 3.400900 ms  DeleteObjects: 0.190300 ms)

========================================================================
Received Import Request.
  Time since last request: 354.804303 seconds.
  path: Assets/5. Mission/과학관 임무/Mission2_BackGround.png
  artifactKey: Guid(c8b83e56708231a4cb358d632e0dcade) Importer(815301076,1909f56bfc062723c751e8b465ee728b)
Start importing Assets/5. Mission/과학관 임무/Mission2_BackGround.png using Guid(c8b83e56708231a4cb358d632e0dcade) Importer(815301076,1909f56bfc062723c751e8b465ee728b)  -> (artifact id: '9952041df6eb2bf4e7dd2ecf6ba82f94') in 0.115772 seconds
  Import took 0.121967 seconds .

========================================================================
Received Prepare
Registering precompiled user dll's ...
Registered in 0.001730 seconds.
Begin MonoManager ReloadAssembly
Native extension for WindowsStandalone target not found
Refreshing native plugins compatible for Editor in 0.61 ms, found 1 plugins.
Preloading 0 native plugins for Editor in 0.00 ms.
Mono: successfully reloaded assembly
- Completed reload, in  1.736 seconds
Platform modules already initialized, skipping
Refreshing native plugins compatible for Editor in 0.59 ms, found 1 plugins.
Preloading 0 native plugins for Editor in 0.00 ms.
Unloading 1810 Unused Serialized files (Serialized files now loaded: 0)
System memory in use before: 91.3 MB.
System memory in use after: 91.2 MB.

Unloading 12 unused Assets to reduce memory usage. Loaded Objects now: 2498.
Total: 3.967800 ms (FindLiveObjects: 0.385100 ms CreateObjectMapping: 0.135300 ms MarkObjects: 3.246400 ms  DeleteObjects: 0.198800 ms)

========================================================================
Received Prepare
Registering precompiled user dll's ...
Registered in 0.001711 seconds.
Begin MonoManager ReloadAssembly
Native extension for WindowsStandalone target not found
Refreshing native plugins compatible for Editor in 0.59 ms, found 1 plugins.
Preloading 0 native plugins for Editor in 0.00 ms.
Mono: successfully reloaded assembly
- Completed reload, in  1.702 seconds
Platform modules already initialized, skipping
Refreshing native plugins compatible for Editor in 0.58 ms, found 1 plugins.
Preloading 0 native plugins for Editor in 0.00 ms.
Unloading 1810 Unused Serialized files (Serialized files now loaded: 0)
System memory in use before: 91.3 MB.
System memory in use after: 91.2 MB.

Unloading 12 unused Assets to reduce memory usage. Loaded Objects now: 2502.
Total: 3.814800 ms (FindLiveObjects: 0.354100 ms CreateObjectMapping: 0.101100 ms MarkObjects: 3.157100 ms  DeleteObjects: 0.199900 ms)

========================================================================
Received Prepare
Registering precompiled user dll's ...
Registered in 0.001739 seconds.
Begin MonoManager ReloadAssembly
Native extension for WindowsStandalone target not found
Refreshing native plugins compatible for Editor in 0.60 ms, found 1 plugins.
Preloading 0 native plugins for Editor in 0.00 ms.
Mono: successfully reloaded assembly
- Completed reload, in  1.726 seconds
Platform modules already initialized, skipping
Refreshing native plugins compatible for Editor in 0.58 ms, found 1 plugins.
Preloading 0 native plugins for Editor in 0.00 ms.
Unloading 1810 Unused Serialized files (Serialized files now loaded: 0)
System memory in use before: 91.3 MB.
System memory in use after: 91.3 MB.

Unloading 12 unused Assets to reduce memory usage. Loaded Objects now: 2506.
Total: 3.872200 ms (FindLiveObjects: 0.371600 ms CreateObjectMapping: 0.118700 ms MarkObjects: 3.198800 ms  DeleteObjects: 0.180600 ms)

========================================================================
Received Import Request.
  Time since last request: 5350.779764 seconds.
  path: Assets/2.Sprites/Square.png
  artifactKey: Guid(5c7bcbf0a5e0bf14db4e12016349a7c2) Importer(815301076,1909f56bfc062723c751e8b465ee728b)
Start importing Assets/2.Sprites/Square.png using Guid(5c7bcbf0a5e0bf14db4e12016349a7c2) Importer(815301076,1909f56bfc062723c751e8b465ee728b)  -> (artifact id: '4eb7661ea74189b342439de20c9e1616') in 0.118945 seconds
  Import took 0.125335 seconds .

========================================================================
Received Prepare
Registering precompiled user dll's ...
Registered in 0.002142 seconds.
Begin MonoManager ReloadAssembly
Native extension for WindowsStandalone target not found
Refreshing native plugins compatible for Editor in 0.59 ms, found 1 plugins.
Preloading 0 native plugins for Editor in 0.00 ms.
Mono: successfully reloaded assembly
- Completed reload, in  1.685 seconds
Platform modules already initialized, skipping
Refreshing native plugins compatible for Editor in 0.58 ms, found 1 plugins.
Preloading 0 native plugins for Editor in 0.00 ms.
Unloading 1810 Unused Serialized files (Serialized files now loaded: 0)
System memory in use before: 91.3 MB.
System memory in use after: 91.3 MB.

Unloading 12 unused Assets to reduce memory usage. Loaded Objects now: 2511.
Total: 3.965000 ms (FindLiveObjects: 0.340900 ms CreateObjectMapping: 0.103000 ms MarkObjects: 3.319800 ms  DeleteObjects: 0.198900 ms)

========================================================================
Received Prepare
Registering precompiled user dll's ...
Registered in 0.002484 seconds.
Begin MonoManager ReloadAssembly
Native extension for WindowsStandalone target not found
Refreshing native plugins compatible for Editor in 0.59 ms, found 1 plugins.
Preloading 0 native plugins for Editor in 0.00 ms.
Mono: successfully reloaded assembly
- Completed reload, in  1.687 seconds
Platform modules already initialized, skipping
Refreshing native plugins compatible for Editor in 0.58 ms, found 1 plugins.
Preloading 0 native plugins for Editor in 0.00 ms.
Unloading 1810 Unused Serialized files (Serialized files now loaded: 0)
System memory in use before: 91.3 MB.
System memory in use after: 91.3 MB.

Unloading 12 unused Assets to reduce memory usage. Loaded Objects now: 2515.
Total: 4.231500 ms (FindLiveObjects: 0.602500 ms CreateObjectMapping: 0.117000 ms MarkObjects: 3.323100 ms  DeleteObjects: 0.186000 ms)

========================================================================
Received Prepare
Registering precompiled user dll's ...
Registered in 0.001721 seconds.
Begin MonoManager ReloadAssembly
Native extension for WindowsStandalone target not found
Refreshing native plugins compatible for Editor in 0.59 ms, found 1 plugins.
Preloading 0 native plugins for Editor in 0.00 ms.
Mono: successfully reloaded assembly
- Completed reload, in  1.702 seconds
Platform modules already initialized, skipping
Refreshing native plugins compatible for Editor in 0.61 ms, found 1 plugins.
Preloading 0 native plugins for Editor in 0.00 ms.
Unloading 1810 Unused Serialized files (Serialized files now loaded: 0)
System memory in use before: 91.3 MB.
System memory in use after: 91.3 MB.

Unloading 12 unused Assets to reduce memory usage. Loaded Objects now: 2519.
Total: 4.376100 ms (FindLiveObjects: 0.388400 ms CreateObjectMapping: 0.127400 ms MarkObjects: 3.665600 ms  DeleteObjects: 0.192800 ms)

========================================================================
Received Prepare
Registering precompiled user dll's ...
Registered in 0.001916 seconds.
Begin MonoManager ReloadAssembly
Native extension for WindowsStandalone target not found
Refreshing native plugins compatible for Editor in 0.60 ms, found 1 plugins.
Preloading 0 native plugins for Editor in 0.00 ms.
Mono: successfully reloaded assembly
- Completed reload, in  1.686 seconds
Platform modules already initialized, skipping
Refreshing native plugins compatible for Editor in 0.58 ms, found 1 plugins.
Preloading 0 native plugins for Editor in 0.00 ms.
Unloading 1810 Unused Serialized files (Serialized files now loaded: 0)
System memory in use before: 91.3 MB.
System memory in use after: 91.3 MB.

Unloading 12 unused Assets to reduce memory usage. Loaded Objects now: 2523.
Total: 3.939800 ms (FindLiveObjects: 0.390900 ms CreateObjectMapping: 0.107300 ms MarkObjects: 3.250600 ms  DeleteObjects: 0.188600 ms)

========================================================================
Received Prepare
Registering precompiled user dll's ...
Registered in 0.001742 seconds.
Begin MonoManager ReloadAssembly
Native extension for WindowsStandalone target not found
Refreshing native plugins compatible for Editor in 0.72 ms, found 1 plugins.
Preloading 0 native plugins for Editor in 0.00 ms.
Mono: successfully reloaded assembly
- Completed reload, in  1.739 seconds
Platform modules already initialized, skipping
Refreshing native plugins compatible for Editor in 0.58 ms, found 1 plugins.
Preloading 0 native plugins for Editor in 0.00 ms.
Unloading 1810 Unused Serialized files (Serialized files now loaded: 0)
System memory in use before: 91.3 MB.
System memory in use after: 91.3 MB.

Unloading 12 unused Assets to reduce memory usage. Loaded Objects now: 2527.
Total: 3.818100 ms (FindLiveObjects: 0.408500 ms CreateObjectMapping: 0.144400 ms MarkObjects: 3.075900 ms  DeleteObjects: 0.186900 ms)

========================================================================
Received Prepare
Registering precompiled user dll's ...
Registered in 0.001754 seconds.
Begin MonoManager ReloadAssembly
Native extension for WindowsStandalone target not found
Refreshing native plugins compatible for Editor in 0.90 ms, found 1 plugins.
Preloading 0 native plugins for Editor in 0.00 ms.
Mono: successfully reloaded assembly
- Completed reload, in  1.691 seconds
Platform modules already initialized, skipping
Refreshing native plugins compatible for Editor in 0.59 ms, found 1 plugins.
Preloading 0 native plugins for Editor in 0.00 ms.
Unloading 1810 Unused Serialized files (Serialized files now loaded: 0)
System memory in use before: 91.3 MB.
System memory in use after: 91.3 MB.

Unloading 12 unused Assets to reduce memory usage. Loaded Objects now: 2531.
Total: 4.217300 ms (FindLiveObjects: 0.492500 ms CreateObjectMapping: 0.127200 ms MarkObjects: 3.409300 ms  DeleteObjects: 0.186200 ms)

========================================================================
Received Prepare
Registering precompiled user dll's ...
Registered in 0.001703 seconds.
Begin MonoManager ReloadAssembly
Native extension for WindowsStandalone target not found
Refreshing native plugins compatible for Editor in 0.61 ms, found 1 plugins.
Preloading 0 native plugins for Editor in 0.00 ms.
Mono: successfully reloaded assembly
- Completed reload, in  1.674 seconds
Platform modules already initialized, skipping
Refreshing native plugins compatible for Editor in 0.59 ms, found 1 plugins.
Preloading 0 native plugins for Editor in 0.00 ms.
Unloading 1810 Unused Serialized files (Serialized files now loaded: 0)
System memory in use before: 91.3 MB.
System memory in use after: 91.3 MB.

Unloading 12 unused Assets to reduce memory usage. Loaded Objects now: 2535.
Total: 3.981600 ms (FindLiveObjects: 0.362900 ms CreateObjectMapping: 0.138100 ms MarkObjects: 3.290900 ms  DeleteObjects: 0.187100 ms)

========================================================================
Received Prepare
Registering precompiled user dll's ...
Registered in 0.001750 seconds.
Begin MonoManager ReloadAssembly
Native extension for WindowsStandalone target not found
Refreshing native plugins compatible for Editor in 0.61 ms, found 1 plugins.
Preloading 0 native plugins for Editor in 0.00 ms.
Mono: successfully reloaded assembly
- Completed reload, in  1.674 seconds
Platform modules already initialized, skipping
Refreshing native plugins compatible for Editor in 0.59 ms, found 1 plugins.
Preloading 0 native plugins for Editor in 0.00 ms.
Unloading 1810 Unused Serialized files (Serialized files now loaded: 0)
System memory in use before: 91.3 MB.
System memory in use after: 91.3 MB.

Unloading 12 unused Assets to reduce memory usage. Loaded Objects now: 2539.
Total: 4.263200 ms (FindLiveObjects: 0.557100 ms CreateObjectMapping: 0.128500 ms MarkObjects: 3.216700 ms  DeleteObjects: 0.358700 ms)

========================================================================
Received Prepare
Registering precompiled user dll's ...
Registered in 0.001780 seconds.
Begin MonoManager ReloadAssembly
Native extension for WindowsStandalone target not found
Refreshing native plugins compatible for Editor in 0.60 ms, found 1 plugins.
Preloading 0 native plugins for Editor in 0.00 ms.
Mono: successfully reloaded assembly
- Completed reload, in  1.689 seconds
Platform modules already initialized, skipping
Refreshing native plugins compatible for Editor in 0.61 ms, found 1 plugins.
Preloading 0 native plugins for Editor in 0.00 ms.
Unloading 1810 Unused Serialized files (Serialized files now loaded: 0)
System memory in use before: 91.4 MB.
System memory in use after: 91.3 MB.

Unloading 12 unused Assets to reduce memory usage. Loaded Objects now: 2543.
Total: 4.175700 ms (FindLiveObjects: 0.699900 ms CreateObjectMapping: 0.178500 ms MarkObjects: 3.103600 ms  DeleteObjects: 0.190600 ms)

========================================================================
Received Import Request.
  Time since last request: 2401.286219 seconds.
  path: Assets/5. Mission/서고 임무/Mission1_Back.png
  artifactKey: Guid(0bc400ac772e6f24aa04e5d1fb1fd31a) Importer(815301076,1909f56bfc062723c751e8b465ee728b)
Start importing Assets/5. Mission/서고 임무/Mission1_Back.png using Guid(0bc400ac772e6f24aa04e5d1fb1fd31a) Importer(815301076,1909f56bfc062723c751e8b465ee728b)  -> (artifact id: '41738521a6de94b572ccb488a83b0229') in 0.105841 seconds
  Import took 0.112102 seconds .

========================================================================
Received Prepare
Registering precompiled user dll's ...
Registered in 0.001759 seconds.
Begin MonoManager ReloadAssembly
Native extension for WindowsStandalone target not found
Refreshing native plugins compatible for Editor in 0.59 ms, found 1 plugins.
Preloading 0 native plugins for Editor in 0.00 ms.
Mono: successfully reloaded assembly
- Completed reload, in  1.706 seconds
Platform modules already initialized, skipping
Refreshing native plugins compatible for Editor in 0.57 ms, found 1 plugins.
Preloading 0 native plugins for Editor in 0.00 ms.
Unloading 1810 Unused Serialized files (Serialized files now loaded: 0)
System memory in use before: 91.4 MB.
System memory in use after: 91.3 MB.

Unloading 12 unused Assets to reduce memory usage. Loaded Objects now: 2548.
Total: 4.146900 ms (FindLiveObjects: 0.568600 ms CreateObjectMapping: 0.233100 ms MarkObjects: 3.154600 ms  DeleteObjects: 0.187200 ms)

========================================================================
Received Prepare
Registering precompiled user dll's ...
Registered in 0.001720 seconds.
Begin MonoManager ReloadAssembly
Native extension for WindowsStandalone target not found
Refreshing native plugins compatible for Editor in 0.65 ms, found 1 plugins.
Preloading 0 native plugins for Editor in 0.00 ms.
Mono: successfully reloaded assembly
- Completed reload, in  1.669 seconds
Platform modules already initialized, skipping
Refreshing native plugins compatible for Editor in 0.58 ms, found 1 plugins.
Preloading 0 native plugins for Editor in 0.00 ms.
Unloading 1810 Unused Serialized files (Serialized files now loaded: 0)
System memory in use before: 91.4 MB.
System memory in use after: 91.4 MB.

Unloading 12 unused Assets to reduce memory usage. Loaded Objects now: 2552.
Total: 3.981900 ms (FindLiveObjects: 0.396800 ms CreateObjectMapping: 0.123900 ms MarkObjects: 3.277000 ms  DeleteObjects: 0.182100 ms)

========================================================================
Received Import Request.
  Time since last request: 438.924726 seconds.
  path: Assets/5. Mission/회의실 임무/Mission1_Back.png
  artifactKey: Guid(0bc400ac772e6f24aa04e5d1fb1fd31a) Importer(815301076,1909f56bfc062723c751e8b465ee728b)
Start importing Assets/5. Mission/회의실 임무/Mission1_Back.png using Guid(0bc400ac772e6f24aa04e5d1fb1fd31a) Importer(815301076,1909f56bfc062723c751e8b465ee728b)  -> (artifact id: 'dea6a60603f909f997268253d20fad82') in 0.104856 seconds
  Import took 0.115856 seconds .

========================================================================
Received Prepare
Registering precompiled user dll's ...
Registered in 0.001896 seconds.
Begin MonoManager ReloadAssembly
Native extension for WindowsStandalone target not found
Refreshing native plugins compatible for Editor in 0.63 ms, found 1 plugins.
Preloading 0 native plugins for Editor in 0.00 ms.
Mono: successfully reloaded assembly
- Completed reload, in  1.746 seconds
Platform modules already initialized, skipping
Refreshing native plugins compatible for Editor in 0.56 ms, found 1 plugins.
Preloading 0 native plugins for Editor in 0.00 ms.
Unloading 1810 Unused Serialized files (Serialized files now loaded: 0)
System memory in use before: 91.4 MB.
System memory in use after: 91.4 MB.

Unloading 12 unused Assets to reduce memory usage. Loaded Objects now: 2557.
Total: 4.064300 ms (FindLiveObjects: 0.540100 ms CreateObjectMapping: 0.155000 ms MarkObjects: 3.182300 ms  DeleteObjects: 0.184400 ms)

========================================================================
Received Prepare
Registering precompiled user dll's ...
Registered in 0.001695 seconds.
Begin MonoManager ReloadAssembly
Native extension for WindowsStandalone target not found
Refreshing native plugins compatible for Editor in 0.60 ms, found 1 plugins.
Preloading 0 native plugins for Editor in 0.00 ms.
Mono: successfully reloaded assembly
- Completed reload, in  1.692 seconds
Platform modules already initialized, skipping
Refreshing native plugins compatible for Editor in 0.63 ms, found 1 plugins.
Preloading 0 native plugins for Editor in 0.00 ms.
Unloading 1810 Unused Serialized files (Serialized files now loaded: 0)
System memory in use before: 91.4 MB.
System memory in use after: 91.4 MB.

Unloading 12 unused Assets to reduce memory usage. Loaded Objects now: 2561.
Total: 4.124700 ms (FindLiveObjects: 0.545000 ms CreateObjectMapping: 0.147600 ms MarkObjects: 3.241200 ms  DeleteObjects: 0.188900 ms)

AssetImportWorkerClient::OnTransportError - code=2 error=End of file
